# JRE version: OpenJDK Runtime Environment (21.0.9) (build 21.0.9+-14649483-b1163.86)
# Java VM: OpenJDK 64-Bit Server VM (21.0.9+-14649483-b1163.86, mixed mode, tiered, compressed oops, compressed class ptrs, g1 gc, windows-amd64)
GC Precious Log:
 CardTable entry size: 512
 Card Set container configuration: InlinePtr #cards 5 size 8 Array Of Cards #cards 12 size 40 Howl #buckets 4 coarsen threshold 1843 Howl Bitmap #cards 512 size 80 coarsen threshold 460 Card regions per heap region 1 cards per card region 2048
 CPUs: 12 total, 12 available
 Memory: 16076M
 Large Page Support: Disabled
 NUMA Support: Disabled
 Compressed Oops: Enabled (32-bit)
 Heap Region Size: 1M
 Heap Min Capacity: 8M
 Heap Initial Capacity: 252M
 Heap Max Capacity: 2G
 Pre-touch: Disabled
 Parallel Workers: 10
 Concurrent Workers: 3
 Concurrent Refinement Workers: 10
 Periodic GC: Disabled
Heap:
 garbage-first heap   total 272384K, used 179200K [0x0000000080000000, 0x0000000100000000)
  region size 1024K, 19 young (19456K), 12 survivors (12288K)
 Metaspace       used 133362K, committed 136000K, reserved 1179648K
  class space    used 18443K, committed 19712K, reserved 1048576K
GC Heap History (20 events):
Event: 27.649 GC heap before
{Heap before GC invocations=41 (full 0):
 garbage-first heap   total 247808K, used 226915K [0x0000000080000000, 0x0000000100000000)
  region size 1024K, 92 young (94208K), 7 survivors (7168K)
 Metaspace       used 118514K, committed 120896K, reserved 1179648K
  class space    used 16764K, committed 17920K, reserved 1048576K
}
Event: 27.658 GC heap after
{Heap after GC invocations=42 (full 0):
 garbage-first heap   total 247808K, used 141951K [0x0000000080000000, 0x0000000100000000)
  region size 1024K, 10 young (10240K), 10 survivors (10240K)
 Metaspace       used 118514K, committed 120896K, reserved 1179648K
  class space    used 16764K, committed 17920K, reserved 1048576K
}
Event: 27.760 GC heap before
{Heap before GC invocations=42 (full 0):
 garbage-first heap   total 247808K, used 153215K [0x0000000080000000, 0x0000000100000000)
  region size 1024K, 22 young (22528K), 10 survivors (10240K)
 Metaspace       used 119729K, committed 122112K, reserved 1179648K
  class space    used 16879K, committed 18048K, reserved 1048576K
}
Event: 27.767 GC heap after
{Heap after GC invocations=43 (full 0):
 garbage-first heap   total 247808K, used 143355K [0x0000000080000000, 0x0000000100000000)
  region size 1024K, 6 young (6144K), 6 survivors (6144K)
 Metaspace       used 119729K, committed 122112K, reserved 1179648K
  class space    used 16879K, committed 18048K, reserved 1048576K
}
Event: 28.384 GC heap before
{Heap before GC invocations=44 (full 0):
 garbage-first heap   total 249856K, used 235515K [0x0000000080000000, 0x0000000100000000)
  region size 1024K, 92 young (94208K), 6 survivors (6144K)
 Metaspace       used 121869K, committed 124224K, reserved 1179648K
  class space    used 17053K, committed 18176K, reserved 1048576K
}
Event: 28.390 GC heap after
{Heap after GC invocations=45 (full 0):
 garbage-first heap   total 249856K, used 149168K [0x0000000080000000, 0x0000000100000000)
  region size 1024K, 11 young (11264K), 11 survivors (11264K)
 Metaspace       used 121869K, committed 124224K, reserved 1179648K
  class space    used 17053K, committed 18176K, reserved 1048576K
}
Event: 28.534 GC heap before
{Heap before GC invocations=45 (full 0):
 garbage-first heap   total 249856K, used 232112K [0x0000000080000000, 0x0000000100000000)
  region size 1024K, 93 young (95232K), 11 survivors (11264K)
 Metaspace       used 122050K, committed 124416K, reserved 1179648K
  class space    used 17074K, committed 18240K, reserved 1048576K
}
Event: 28.540 GC heap after
{Heap after GC invocations=46 (full 0):
 garbage-first heap   total 249856K, used 149045K [0x0000000080000000, 0x0000000100000000)
  region size 1024K, 4 young (4096K), 4 survivors (4096K)
 Metaspace       used 122050K, committed 124416K, reserved 1179648K
  class space    used 17074K, committed 18240K, reserved 1048576K
}
Event: 29.132 GC heap before
{Heap before GC invocations=46 (full 0):
 garbage-first heap   total 249856K, used 233013K [0x0000000080000000, 0x0000000100000000)
  region size 1024K, 86 young (88064K), 4 survivors (4096K)
 Metaspace       used 124769K, committed 127232K, reserved 1179648K
  class space    used 17399K, committed 18560K, reserved 1048576K
}
Event: 29.138 GC heap after
{Heap after GC invocations=47 (full 0):
 garbage-first heap   total 249856K, used 154647K [0x0000000080000000, 0x0000000100000000)
  region size 1024K, 9 young (9216K), 9 survivors (9216K)
 Metaspace       used 124769K, committed 127232K, reserved 1179648K
  class space    used 17399K, committed 18560K, reserved 1048576K
}
Event: 91.714 GC heap before
{Heap before GC invocations=48 (full 0):
 garbage-first heap   total 260096K, used 232471K [0x0000000080000000, 0x0000000100000000)
  region size 1024K, 86 young (88064K), 9 survivors (9216K)
 Metaspace       used 128446K, committed 130944K, reserved 1179648K
  class space    used 17853K, committed 19072K, reserved 1048576K
}
Event: 91.729 GC heap after
{Heap after GC invocations=49 (full 0):
 garbage-first heap   total 260096K, used 157927K [0x0000000080000000, 0x0000000100000000)
  region size 1024K, 4 young (4096K), 4 survivors (4096K)
 Metaspace       used 128446K, committed 130944K, reserved 1179648K
  class space    used 17853K, committed 19072K, reserved 1048576K
}
Event: 301.724 GC heap before
{Heap before GC invocations=49 (full 0):
 garbage-first heap   total 260096K, used 242919K [0x0000000080000000, 0x0000000100000000)
  region size 1024K, 87 young (89088K), 4 survivors (4096K)
 Metaspace       used 128564K, committed 131008K, reserved 1179648K
  class space    used 17853K, committed 19072K, reserved 1048576K
}
Event: 301.734 GC heap after
{Heap after GC invocations=50 (full 0):
 garbage-first heap   total 260096K, used 154468K [0x0000000080000000, 0x0000000100000000)
  region size 1024K, 4 young (4096K), 4 survivors (4096K)
 Metaspace       used 128564K, committed 131008K, reserved 1179648K
  class space    used 17853K, committed 19072K, reserved 1048576K
}
Event: 394.491 GC heap before
{Heap before GC invocations=50 (full 0):
 garbage-first heap   total 260096K, used 244580K [0x0000000080000000, 0x0000000100000000)
  region size 1024K, 92 young (94208K), 4 survivors (4096K)
 Metaspace       used 128682K, committed 131200K, reserved 1179648K
  class space    used 17865K, committed 19072K, reserved 1048576K
}
Event: 394.498 GC heap after
{Heap after GC invocations=51 (full 0):
 garbage-first heap   total 260096K, used 156185K [0x0000000080000000, 0x0000000100000000)
  region size 1024K, 5 young (5120K), 5 survivors (5120K)
 Metaspace       used 128682K, committed 131200K, reserved 1179648K
  class space    used 17865K, committed 19072K, reserved 1048576K
}
Event: 396.321 GC heap before
{Heap before GC invocations=52 (full 0):
 garbage-first heap   total 261120K, used 244249K [0x0000000080000000, 0x0000000100000000)
  region size 1024K, 92 young (94208K), 5 survivors (5120K)
 Metaspace       used 131233K, committed 133824K, reserved 1179648K
  class space    used 18181K, committed 19456K, reserved 1048576K
}
Event: 396.334 GC heap after
{Heap after GC invocations=53 (full 0):
 garbage-first heap   total 261120K, used 162673K [0x0000000080000000, 0x0000000100000000)
  region size 1024K, 12 young (12288K), 12 survivors (12288K)
 Metaspace       used 131233K, committed 133824K, reserved 1179648K
  class space    used 18181K, committed 19456K, reserved 1048576K
}
Event: 398.108 GC heap before
{Heap before GC invocations=53 (full 0):
 garbage-first heap   total 261120K, used 245617K [0x0000000080000000, 0x0000000100000000)
  region size 1024K, 93 young (95232K), 12 survivors (12288K)
 Metaspace       used 133356K, committed 135936K, reserved 1179648K
  class space    used 18442K, committed 19712K, reserved 1048576K
}
Event: 400.155 GC heap after
{Heap after GC invocations=54 (full 0):
 garbage-first heap   total 272384K, used 173056K [0x0000000080000000, 0x0000000100000000)
  region size 1024K, 12 young (12288K), 12 survivors (12288K)
 Metaspace       used 133356K, committed 135936K, reserved 1179648K
  class space    used 18442K, committed 19712K, reserved 1048576K
}

